<?xml version="1.0" encoding="UTF-8"?>
<!-- Generated by org.testng.reporters.JUnitReportReporter -->
<testsuite hostname="DESKTOP-LITE7M0" failures="0" tests="3" name="Testinganno.demo1" time="0.024" errors="0" timestamp="2021-07-23T14:37:10 IST" skipped="0">
  <testcase classname="Testinganno.demo1" name="testB" time="0.003"/>
  <system-out/>
  <testcase classname="Testinganno.demo1" name="testA" time="0.018"/>
  <system-out/>
  <testcase classname="Testinganno.demo1" name="testC" time="0.003"/>
  <system-out/>
</testsuite> <!-- Testinganno.demo1 -->
