<?xml version="1.0" encoding="UTF-8"?>
<!-- Generated by org.testng.reporters.JUnitReportReporter -->
<testsuite hostname="DESKTOP-LITE7M0" failures="0" tests="2" name="Testinganno.demo2" time="30.738" errors="0" timestamp="2021-07-23T16:11:42 IST" skipped="0">
  <testcase classname="Testinganno.demo2" name="verifyFacebookTitle" time="16.942"/>
  <system-out/>
  <testcase classname="Testinganno.demo2" name="verifyGmailTitle" time="13.796"/>
  <system-out/>
</testsuite> <!-- Testinganno.demo2 -->
